<?xml version="1.0" encoding="UTF-8"?>
<!-- Generated by org.testng.reporters.JUnitXMLReporter -->
<testsuite ignored="0" hostname="NDI-LAP-165" failures="0" tests="4" name="Test" time="16.036" errors="0" timestamp="2022-01-25T23:50:08 IST">
  <testcase classname="Academy.validateNavigationBar" name="validateAppNavBar" time="0.085"/>
  <testcase classname="Academy.validateTitle" name="validateAppTitle" time="0.033"/>
  <testcase classname="Academy.HomePage" name="basePageNavigation" time="3.245"/>
  <testcase classname="Academy.HomePage" name="basePageNavigation" time="1.653"/>
</testsuite> <!-- Test -->
