<?xml version="1.0" encoding="UTF-8"?>
<!-- Generated by org.testng.reporters.JUnitXMLReporter -->
<testsuite ignored="2" hostname="NDI-LAP-165" failures="0" tests="1" name="Default test" time="12.75" errors="0" timestamp="2022-07-31T21:50:42 IST">
  <testcase classname="TestCases.TC" name="validateBookingConfirmation" time="10.731"/>
  <testcase classname="TestCases.TC" name="validatelogin" time="0.0">
    <ignored/>
  </testcase> <!-- validatelogin -->
  <testcase classname="TestCases.TC" name="validateBookingConfirmationWithoutDate" time="0.0">
    <ignored/>
  </testcase> <!-- validateBookingConfirmationWithoutDate -->
</testsuite> <!-- Default test -->
