<?xml version="1.0" encoding="UTF-8"?>
<testng-results ignored="2" total="3" passed="1" failed="0" skipped="0">
  <reporter-output>
  </reporter-output>
  <suite started-at="2022-07-31T21:50:29 IST" name="Default suite" finished-at="2022-07-31T21:50:42 IST" duration-ms="12750">
    <groups>
    </groups>
    <test started-at="2022-07-31T21:50:29 IST" name="Default test" finished-at="2022-07-31T21:50:42 IST" duration-ms="12750">
      <class name="TestCases.TC">
        <test-method is-config="true" signature="initialize()[pri:0, instance:TestCases.TC@65a4798f]" started-at="2022-07-31T21:50:29 IST" name="initialize" finished-at="2022-07-31T21:50:31 IST" duration-ms="1856" status="PASS">
          <reporter-output>
          </reporter-output>
        </test-method> <!-- initialize -->
        <test-method signature="validateBookingConfirmation()[pri:2, instance:TestCases.TC@65a4798f]" started-at="2022-07-31T21:50:31 IST" name="validateBookingConfirmation" description="Validate Booking Confirmation" finished-at="2022-07-31T21:50:41 IST" duration-ms="10731" status="PASS">
          <reporter-output>
          </reporter-output>
        </test-method> <!-- validateBookingConfirmation -->
        <test-method is-config="true" signature="tearDown()[pri:0, instance:TestCases.TC@65a4798f]" started-at="2022-07-31T21:50:41 IST" name="tearDown" finished-at="2022-07-31T21:50:42 IST" duration-ms="126" status="PASS">
          <reporter-output>
          </reporter-output>
        </test-method> <!-- tearDown -->
      </class> <!-- TestCases.TC -->
    </test> <!-- Default test -->
  </suite> <!-- Default suite -->
</testng-results>
