<?xml version="1.0" encoding="UTF-8"?>
<testng-results ignored="0" total="4" passed="4" failed="0" skipped="0">
  <reporter-output>
  </reporter-output>
  <suite started-at="2022-02-04T13:42:25 IST" name="Suite" finished-at="2022-02-04T13:42:38 IST" duration-ms="12582">
    <groups>
    </groups>
    <test started-at="2022-02-04T13:42:25 IST" name="App Testing" finished-at="2022-02-04T13:42:25 IST" duration-ms="5">
    </test> <!-- App Testing -->
    <test started-at="2022-02-04T13:42:25 IST" name="Validating navigation Bar" finished-at="2022-02-04T13:42:30 IST" duration-ms="5118">
      <class name="Academy.validateNavigationBar">
        <test-method is-config="true" signature="initialize()[pri:0, instance:Academy.validateNavigationBar@4089713]" started-at="2022-02-04T13:42:25 IST" name="initialize" finished-at="2022-02-04T13:42:30 IST" duration-ms="4997" status="PASS">
          <reporter-output>
          </reporter-output>
        </test-method> <!-- initialize -->
        <test-method signature="validateAppNavBar()[pri:0, instance:Academy.validateNavigationBar@4089713]" started-at="2022-02-04T13:42:30 IST" name="validateAppNavBar" finished-at="2022-02-04T13:42:30 IST" duration-ms="50" status="PASS">
          <reporter-output>
          </reporter-output>
        </test-method> <!-- validateAppNavBar -->
        <test-method is-config="true" signature="tearDown()[pri:0, instance:Academy.validateNavigationBar@4089713]" started-at="2022-02-04T13:42:30 IST" name="tearDown" finished-at="2022-02-04T13:42:30 IST" duration-ms="62" status="PASS">
          <reporter-output>
          </reporter-output>
        </test-method> <!-- tearDown -->
      </class> <!-- Academy.validateNavigationBar -->
    </test> <!-- Validating navigation Bar -->
    <test started-at="2022-02-04T13:42:25 IST" name="Validating User login" finished-at="2022-02-04T13:42:35 IST" duration-ms="9506">
      <class name="Academy.HomePage">
        <test-method is-config="true" signature="initialize()[pri:0, instance:Academy.HomePage@5df417a7]" started-at="2022-02-04T13:42:25 IST" name="initialize" finished-at="2022-02-04T13:42:27 IST" duration-ms="1571" status="PASS">
          <reporter-output>
          </reporter-output>
        </test-method> <!-- initialize -->
        <test-method signature="basePageNavigation(java.lang.String,java.lang.String,java.lang.String)[pri:0, instance:Academy.HomePage@5df417a7]" started-at="2022-02-04T13:42:27 IST" name="basePageNavigation" data-provider="getData" finished-at="2022-02-04T13:42:33 IST" duration-ms="6386" status="PASS">
          <params>
            <param index="0">
              <value>
                <![CDATA[nonrestricteduser@qw.com]]>
              </value>
            </param>
            <param index="1">
              <value>
                <![CDATA[123456]]>
              </value>
            </param>
            <param index="2">
              <value>
                <![CDATA[Restrcited User]]>
              </value>
            </param>
          </params>
          <reporter-output>
          </reporter-output>
        </test-method> <!-- basePageNavigation -->
        <test-method signature="basePageNavigation(java.lang.String,java.lang.String,java.lang.String)[pri:0, instance:Academy.HomePage@5df417a7]" started-at="2022-02-04T13:42:33 IST" name="basePageNavigation" data-provider="getData" finished-at="2022-02-04T13:42:35 IST" duration-ms="1461" status="PASS">
          <params>
            <param index="0">
              <value>
                <![CDATA[restricteduser@qw.com]]>
              </value>
            </param>
            <param index="1">
              <value>
                <![CDATA[456788]]>
              </value>
            </param>
            <param index="2">
              <value>
                <![CDATA[Non restricted user]]>
              </value>
            </param>
          </params>
          <reporter-output>
          </reporter-output>
        </test-method> <!-- basePageNavigation -->
        <test-method is-config="true" signature="tearDown()[pri:0, instance:Academy.HomePage@5df417a7]" started-at="2022-02-04T13:42:35 IST" name="tearDown" finished-at="2022-02-04T13:42:35 IST" duration-ms="62" status="PASS">
          <reporter-output>
          </reporter-output>
        </test-method> <!-- tearDown -->
      </class> <!-- Academy.HomePage -->
    </test> <!-- Validating User login -->
    <test started-at="2022-02-04T13:42:25 IST" name="Validating title in the Page" finished-at="2022-02-04T13:42:38 IST" duration-ms="12582">
      <class name="Academy.validateTitle">
        <test-method is-config="true" signature="initialize()[pri:0, instance:Academy.validateTitle@6e46d9f4]" started-at="2022-02-04T13:42:25 IST" name="initialize" finished-at="2022-02-04T13:42:33 IST" duration-ms="8368" status="PASS">
          <reporter-output>
          </reporter-output>
        </test-method> <!-- initialize -->
        <test-method signature="validateAppTitle()[pri:0, instance:Academy.validateTitle@6e46d9f4]" started-at="2022-02-04T13:42:33 IST" name="validateAppTitle" finished-at="2022-02-04T13:42:33 IST" duration-ms="37" status="PASS">
          <reporter-output>
          </reporter-output>
        </test-method> <!-- validateAppTitle -->
        <test-method is-config="true" signature="tearDown()[pri:0, instance:Academy.validateTitle@6e46d9f4]" started-at="2022-02-04T13:42:33 IST" name="tearDown" finished-at="2022-02-04T13:42:38 IST" duration-ms="4172" status="PASS">
          <reporter-output>
          </reporter-output>
        </test-method> <!-- tearDown -->
      </class> <!-- Academy.validateTitle -->
    </test> <!-- Validating title in the Page -->
  </suite> <!-- Suite -->
</testng-results>
